{"C:\\Users\\mahdi\\Desktop\\small\\back-end\\src\\app.js": {"path":"C:\\Users\\mahdi\\Desktop\\small\\back-end\\src\\app.js","statementMap":{"0":{"start":{"line":8,"column":0},"end":{"line":8,"column":16}},"1":{"start":{"line":9,"column":12},"end":{"line":9,"column":21}},"2":{"start":{"line":10,"column":0},"end":{"line":10,"column":16}},"3":{"start":{"line":11,"column":0},"end":{"line":11,"column":24}},"4":{"start":{"line":13,"column":19},"end":{"line":13,"column":49}},"5":{"start":{"line":14,"column":18},"end":{"line":14,"column":42}},"6":{"start":{"line":15,"column":23},"end":{"line":15,"column":68}},"7":{"start":{"line":17,"column":0},"end":{"line":17,"column":40}},"8":{"start":{"line":19,"column":0},"end":{"line":19,"column":20}},"9":{"start":{"line":20,"column":0},"end":{"line":26,"column":2}},"10":{"start":{"line":24,"column":4},"end":{"line":24,"column":49}}},"fnMap":{"0":{"name":"(anonymous_0)","decl":{"start":{"line":23,"column":2},"end":{"line":23,"column":3}},"loc":{"start":{"line":23,"column":16},"end":{"line":25,"column":3}},"line":23}},"branchMap":{},"s":{"0":2,"1":2,"2":2,"3":2,"4":2,"5":2,"6":2,"7":2,"8":2,"9":2,"10":0},"f":{"0":0},"b":{},"inputSourceMap":null,"_coverageSchema":"1a1c01bbd47fc00a2c39e90264f33305004495a9","hash":"40152e58c69635d2c3f0b873753eca651dc08f17"}
,"C:\\Users\\mahdi\\Desktop\\small\\back-end\\src\\clientDb\\client.js": {"path":"C:\\Users\\mahdi\\Desktop\\small\\back-end\\src\\clientDb\\client.js","statementMap":{"0":{"start":{"line":2,"column":60},"end":{"line":2,"column":71}},"1":{"start":{"line":6,"column":15},"end":{"line":12,"column":2}},"2":{"start":{"line":14,"column":0},"end":{"line":28,"column":5}},"3":{"start":{"line":17,"column":4},"end":{"line":17,"column":46}},"4":{"start":{"line":19,"column":4},"end":{"line":19,"column":25}},"5":{"start":{"line":22,"column":4},"end":{"line":26,"column":6}},"6":{"start":{"line":27,"column":4},"end":{"line":27,"column":51}},"7":{"start":{"line":30,"column":0},"end":{"line":30,"column":30}}},"fnMap":{"0":{"name":"(anonymous_0)","decl":{"start":{"line":16,"column":8},"end":{"line":16,"column":9}},"loc":{"start":{"line":16,"column":24},"end":{"line":20,"column":3}},"line":16},"1":{"name":"(anonymous_1)","decl":{"start":{"line":21,"column":9},"end":{"line":21,"column":10}},"loc":{"start":{"line":21,"column":20},"end":{"line":28,"column":3}},"line":21}},"branchMap":{},"s":{"0":2,"1":2,"2":2,"3":2,"4":2,"5":0,"6":0,"7":2},"f":{"0":2,"1":0},"b":{},"inputSourceMap":null,"_coverageSchema":"1a1c01bbd47fc00a2c39e90264f33305004495a9","hash":"c97155e415dd6ba2b929f69dfe1620243d843940"}
,"C:\\Users\\mahdi\\Desktop\\small\\back-end\\src\\controllers\\UserController.js": {"path":"C:\\Users\\mahdi\\Desktop\\small\\back-end\\src\\controllers\\UserController.js","statementMap":{"0":{"start":{"line":6,"column":4},"end":{"line":11,"column":5}},"1":{"start":{"line":7,"column":21},"end":{"line":7,"column":47}},"2":{"start":{"line":8,"column":6},"end":{"line":8,"column":35}},"3":{"start":{"line":10,"column":6},"end":{"line":10,"column":59}},"4":{"start":{"line":14,"column":4},"end":{"line":21,"column":5}},"5":{"start":{"line":15,"column":24},"end":{"line":15,"column":34}},"6":{"start":{"line":16,"column":21},"end":{"line":16,"column":50}},"7":{"start":{"line":17,"column":6},"end":{"line":17,"column":35}},"8":{"start":{"line":18,"column":6},"end":{"line":18,"column":26}},"9":{"start":{"line":20,"column":6},"end":{"line":20,"column":59}},"10":{"start":{"line":24,"column":4},"end":{"line":35,"column":5}},"11":{"start":{"line":25,"column":34},"end":{"line":25,"column":44}},"12":{"start":{"line":26,"column":21},"end":{"line":26,"column":61}},"13":{"start":{"line":27,"column":6},"end":{"line":32,"column":7}},"14":{"start":{"line":28,"column":22},"end":{"line":28,"column":66}},"15":{"start":{"line":29,"column":8},"end":{"line":29,"column":51}},"16":{"start":{"line":31,"column":8},"end":{"line":31,"column":66}},"17":{"start":{"line":34,"column":6},"end":{"line":34,"column":64}},"18":{"start":{"line":38,"column":4},"end":{"line":48,"column":5}},"19":{"start":{"line":39,"column":21},"end":{"line":39,"column":63}},"20":{"start":{"line":40,"column":6},"end":{"line":45,"column":7}},"21":{"start":{"line":41,"column":22},"end":{"line":41,"column":66}},"22":{"start":{"line":42,"column":8},"end":{"line":42,"column":51}},"23":{"start":{"line":44,"column":8},"end":{"line":44,"column":66}},"24":{"start":{"line":47,"column":6},"end":{"line":47,"column":64}},"25":{"start":{"line":51,"column":4},"end":{"line":62,"column":5}},"26":{"start":{"line":52,"column":55},"end":{"line":52,"column":63}},"27":{"start":{"line":53,"column":21},"end":{"line":58,"column":7}},"28":{"start":{"line":59,"column":6},"end":{"line":59,"column":66}},"29":{"start":{"line":61,"column":6},"end":{"line":61,"column":77}},"30":{"start":{"line":65,"column":4},"end":{"line":78,"column":5}},"31":{"start":{"line":66,"column":20},"end":{"line":66,"column":38}},"32":{"start":{"line":67,"column":27},"end":{"line":67,"column":37}},"33":{"start":{"line":68,"column":24},"end":{"line":68,"column":64}},"34":{"start":{"line":69,"column":6},"end":{"line":75,"column":69}},"35":{"start":{"line":70,"column":23},"end":{"line":70,"column":54}},"36":{"start":{"line":71,"column":8},"end":{"line":71,"column":68}},"37":{"start":{"line":73,"column":8},"end":{"line":75,"column":69}},"38":{"start":{"line":77,"column":6},"end":{"line":77,"column":77}},"39":{"start":{"line":81,"column":4},"end":{"line":96,"column":5}},"40":{"start":{"line":82,"column":20},"end":{"line":82,"column":38}},"41":{"start":{"line":83,"column":20},"end":{"line":83,"column":28}},"42":{"start":{"line":84,"column":21},"end":{"line":84,"column":67}},"43":{"start":{"line":85,"column":6},"end":{"line":91,"column":75}},"44":{"start":{"line":86,"column":29},"end":{"line":86,"column":67}},"45":{"start":{"line":87,"column":8},"end":{"line":87,"column":47}},"46":{"start":{"line":89,"column":8},"end":{"line":91,"column":75}},"47":{"start":{"line":93,"column":6},"end":{"line":95,"column":69}}},"fnMap":{"0":{"name":"(anonymous_0)","decl":{"start":{"line":5,"column":2},"end":{"line":5,"column":3}},"loc":{"start":{"line":5,"column":32},"end":{"line":12,"column":3}},"line":5},"1":{"name":"(anonymous_1)","decl":{"start":{"line":13,"column":2},"end":{"line":13,"column":3}},"loc":{"start":{"line":13,"column":30},"end":{"line":22,"column":3}},"line":13},"2":{"name":"(anonymous_2)","decl":{"start":{"line":23,"column":2},"end":{"line":23,"column":3}},"loc":{"start":{"line":23,"column":31},"end":{"line":36,"column":3}},"line":23},"3":{"name":"(anonymous_3)","decl":{"start":{"line":37,"column":2},"end":{"line":37,"column":3}},"loc":{"start":{"line":37,"column":36},"end":{"line":49,"column":3}},"line":37},"4":{"name":"(anonymous_4)","decl":{"start":{"line":50,"column":2},"end":{"line":50,"column":3}},"loc":{"start":{"line":50,"column":29},"end":{"line":63,"column":3}},"line":50},"5":{"name":"(anonymous_5)","decl":{"start":{"line":64,"column":2},"end":{"line":64,"column":3}},"loc":{"start":{"line":64,"column":32},"end":{"line":79,"column":3}},"line":64},"6":{"name":"(anonymous_6)","decl":{"start":{"line":80,"column":2},"end":{"line":80,"column":3}},"loc":{"start":{"line":80,"column":32},"end":{"line":97,"column":3}},"line":80}},"branchMap":{"0":{"loc":{"start":{"line":27,"column":6},"end":{"line":32,"column":7}},"type":"if","locations":[{"start":{"line":27,"column":6},"end":{"line":32,"column":7}},{"start":{"line":30,"column":13},"end":{"line":32,"column":7}}],"line":27},"1":{"loc":{"start":{"line":40,"column":6},"end":{"line":45,"column":7}},"type":"if","locations":[{"start":{"line":40,"column":6},"end":{"line":45,"column":7}},{"start":{"line":43,"column":13},"end":{"line":45,"column":7}}],"line":40},"2":{"loc":{"start":{"line":69,"column":6},"end":{"line":75,"column":69}},"type":"if","locations":[{"start":{"line":69,"column":6},"end":{"line":75,"column":69}},{"start":{"line":73,"column":8},"end":{"line":75,"column":69}}],"line":69},"3":{"loc":{"start":{"line":85,"column":6},"end":{"line":91,"column":75}},"type":"if","locations":[{"start":{"line":85,"column":6},"end":{"line":91,"column":75}},{"start":{"line":89,"column":8},"end":{"line":91,"column":75}}],"line":85}},"s":{"0":3,"1":3,"2":3,"3":0,"4":1,"5":1,"6":1,"7":1,"8":1,"9":0,"10":2,"11":2,"12":2,"13":2,"14":0,"15":0,"16":2,"17":0,"18":0,"19":0,"20":0,"21":0,"22":0,"23":0,"24":0,"25":2,"26":2,"27":2,"28":2,"29":0,"30":0,"31":0,"32":0,"33":0,"34":0,"35":0,"36":0,"37":0,"38":0,"39":0,"40":0,"41":0,"42":0,"43":0,"44":0,"45":0,"46":0,"47":0},"f":{"0":3,"1":1,"2":2,"3":0,"4":2,"5":0,"6":0},"b":{"0":[0,2],"1":[0,0],"2":[0,0],"3":[0,0]},"inputSourceMap":null,"_coverageSchema":"1a1c01bbd47fc00a2c39e90264f33305004495a9","hash":"d4f62b9cf4fdeb02bc6d012a88672f71bab470af"}
,"C:\\Users\\mahdi\\Desktop\\small\\back-end\\src\\mangers\\UserManager.js": {"path":"C:\\Users\\mahdi\\Desktop\\small\\back-end\\src\\mangers\\UserManager.js","statementMap":{"0":{"start":{"line":6,"column":27},"end":{"line":6,"column":58}},"1":{"start":{"line":7,"column":4},"end":{"line":7,"column":26}},"2":{"start":{"line":10,"column":16},"end":{"line":10,"column":60}},"3":{"start":{"line":11,"column":4},"end":{"line":11,"column":15}},"4":{"start":{"line":14,"column":4},"end":{"line":20,"column":5}},"5":{"start":{"line":15,"column":21},"end":{"line":15,"column":62}},"6":{"start":{"line":16,"column":6},"end":{"line":16,"column":18}},"7":{"start":{"line":18,"column":6},"end":{"line":18,"column":35}},"8":{"start":{"line":19,"column":6},"end":{"line":19,"column":37}},"9":{"start":{"line":23,"column":4},"end":{"line":31,"column":5}},"10":{"start":{"line":24,"column":21},"end":{"line":26,"column":8}},"11":{"start":{"line":27,"column":6},"end":{"line":27,"column":21}},"12":{"start":{"line":29,"column":6},"end":{"line":29,"column":35}},"13":{"start":{"line":30,"column":6},"end":{"line":30,"column":37}},"14":{"start":{"line":34,"column":4},"end":{"line":49,"column":5}},"15":{"start":{"line":35,"column":21},"end":{"line":37,"column":8}},"16":{"start":{"line":38,"column":6},"end":{"line":44,"column":7}},"17":{"start":{"line":39,"column":24},"end":{"line":39,"column":70}},"18":{"start":{"line":40,"column":8},"end":{"line":43,"column":9}},"19":{"start":{"line":41,"column":10},"end":{"line":41,"column":34}},"20":{"start":{"line":42,"column":10},"end":{"line":42,"column":25}},"21":{"start":{"line":45,"column":6},"end":{"line":45,"column":18}},"22":{"start":{"line":47,"column":6},"end":{"line":47,"column":35}},"23":{"start":{"line":48,"column":6},"end":{"line":48,"column":37}},"24":{"start":{"line":52,"column":4},"end":{"line":61,"column":5}},"25":{"start":{"line":53,"column":29},"end":{"line":53,"column":64}},"26":{"start":{"line":54,"column":23},"end":{"line":57,"column":7}},"27":{"start":{"line":58,"column":6},"end":{"line":58,"column":20}},"28":{"start":{"line":60,"column":6},"end":{"line":60,"column":37}},"29":{"start":{"line":64,"column":4},"end":{"line":72,"column":5}},"30":{"start":{"line":65,"column":23},"end":{"line":67,"column":8}},"31":{"start":{"line":68,"column":6},"end":{"line":68,"column":20}},"32":{"start":{"line":70,"column":6},"end":{"line":70,"column":35}},"33":{"start":{"line":71,"column":6},"end":{"line":71,"column":37}},"34":{"start":{"line":75,"column":14},"end":{"line":75,"column":32}},"35":{"start":{"line":76,"column":22},"end":{"line":76,"column":24}},"36":{"start":{"line":77,"column":25},"end":{"line":77,"column":27}},"37":{"start":{"line":78,"column":4},"end":{"line":87,"column":5}},"38":{"start":{"line":79,"column":6},"end":{"line":86,"column":7}},"39":{"start":{"line":80,"column":8},"end":{"line":80,"column":67}},"40":{"start":{"line":81,"column":8},"end":{"line":81,"column":59}},"41":{"start":{"line":82,"column":8},"end":{"line":82,"column":39}},"42":{"start":{"line":83,"column":13},"end":{"line":86,"column":7}},"43":{"start":{"line":84,"column":8},"end":{"line":84,"column":59}},"44":{"start":{"line":85,"column":8},"end":{"line":85,"column":30}},"45":{"start":{"line":88,"column":4},"end":{"line":88,"column":30}},"46":{"start":{"line":89,"column":4},"end":{"line":89,"column":26}},"47":{"start":{"line":90,"column":18},"end":{"line":90,"column":52}},"48":{"start":{"line":91,"column":4},"end":{"line":91,"column":28}}},"fnMap":{"0":{"name":"(anonymous_0)","decl":{"start":{"line":5,"column":2},"end":{"line":5,"column":3}},"loc":{"start":{"line":5,"column":33},"end":{"line":8,"column":3}},"line":5},"1":{"name":"(anonymous_1)","decl":{"start":{"line":9,"column":2},"end":{"line":9,"column":3}},"loc":{"start":{"line":9,"column":47},"end":{"line":12,"column":3}},"line":9},"2":{"name":"(anonymous_2)","decl":{"start":{"line":13,"column":2},"end":{"line":13,"column":3}},"loc":{"start":{"line":13,"column":24},"end":{"line":21,"column":3}},"line":13},"3":{"name":"(anonymous_3)","decl":{"start":{"line":22,"column":2},"end":{"line":22,"column":3}},"loc":{"start":{"line":22,"column":27},"end":{"line":32,"column":3}},"line":22},"4":{"name":"(anonymous_4)","decl":{"start":{"line":33,"column":2},"end":{"line":33,"column":3}},"loc":{"start":{"line":33,"column":38},"end":{"line":50,"column":3}},"line":33},"5":{"name":"(anonymous_5)","decl":{"start":{"line":51,"column":2},"end":{"line":51,"column":3}},"loc":{"start":{"line":51,"column":57},"end":{"line":62,"column":3}},"line":51},"6":{"name":"(anonymous_6)","decl":{"start":{"line":63,"column":2},"end":{"line":63,"column":3}},"loc":{"start":{"line":63,"column":29},"end":{"line":73,"column":3}},"line":63},"7":{"name":"(anonymous_7)","decl":{"start":{"line":74,"column":2},"end":{"line":74,"column":3}},"loc":{"start":{"line":74,"column":36},"end":{"line":92,"column":3}},"line":74}},"branchMap":{"0":{"loc":{"start":{"line":38,"column":6},"end":{"line":44,"column":7}},"type":"if","locations":[{"start":{"line":38,"column":6},"end":{"line":44,"column":7}},{"start":{},"end":{}}],"line":38},"1":{"loc":{"start":{"line":40,"column":8},"end":{"line":43,"column":9}},"type":"if","locations":[{"start":{"line":40,"column":8},"end":{"line":43,"column":9}},{"start":{},"end":{}}],"line":40},"2":{"loc":{"start":{"line":79,"column":6},"end":{"line":86,"column":7}},"type":"if","locations":[{"start":{"line":79,"column":6},"end":{"line":86,"column":7}},{"start":{"line":83,"column":13},"end":{"line":86,"column":7}}],"line":79},"3":{"loc":{"start":{"line":81,"column":18},"end":{"line":81,"column":45}},"type":"cond-expr","locations":[{"start":{"line":81,"column":37},"end":{"line":81,"column":40}},{"start":{"line":81,"column":43},"end":{"line":81,"column":45}}],"line":81},"4":{"loc":{"start":{"line":83,"column":13},"end":{"line":86,"column":7}},"type":"if","locations":[{"start":{"line":83,"column":13},"end":{"line":86,"column":7}},{"start":{},"end":{}}],"line":83},"5":{"loc":{"start":{"line":84,"column":18},"end":{"line":84,"column":45}},"type":"cond-expr","locations":[{"start":{"line":84,"column":37},"end":{"line":84,"column":40}},{"start":{"line":84,"column":43},"end":{"line":84,"column":45}}],"line":84}},"s":{"0":2,"1":2,"2":3,"3":3,"4":5,"5":5,"6":5,"7":0,"8":0,"9":2,"10":2,"11":2,"12":0,"13":0,"14":3,"15":3,"16":3,"17":3,"18":3,"19":0,"20":0,"21":3,"22":0,"23":0,"24":2,"25":2,"26":2,"27":2,"28":0,"29":1,"30":1,"31":1,"32":0,"33":0,"34":0,"35":0,"36":0,"37":0,"38":0,"39":0,"40":0,"41":0,"42":0,"43":0,"44":0,"45":0,"46":0,"47":0,"48":0},"f":{"0":2,"1":3,"2":5,"3":2,"4":3,"5":2,"6":1,"7":0},"b":{"0":[3,0],"1":[0,3],"2":[0,0],"3":[0,0],"4":[0,0],"5":[0,0]},"inputSourceMap":null,"_coverageSchema":"1a1c01bbd47fc00a2c39e90264f33305004495a9","hash":"ecb158366a5340fe2a291c8d030ee5b733726c99"}
,"C:\\Users\\mahdi\\Desktop\\small\\back-end\\src\\middlewares\\Authentification.js": {"path":"C:\\Users\\mahdi\\Desktop\\small\\back-end\\src\\middlewares\\Authentification.js","statementMap":{"0":{"start":{"line":5,"column":4},"end":{"line":19,"column":5}},"1":{"start":{"line":6,"column":20},"end":{"line":6,"column":75}},"2":{"start":{"line":7,"column":23},"end":{"line":7,"column":64}},"3":{"start":{"line":8,"column":6},"end":{"line":11,"column":7}},"4":{"start":{"line":9,"column":8},"end":{"line":9,"column":32}},"5":{"start":{"line":10,"column":8},"end":{"line":10,"column":22}},"6":{"start":{"line":12,"column":6},"end":{"line":14,"column":61}},"7":{"start":{"line":16,"column":6},"end":{"line":18,"column":61}},"8":{"start":{"line":22,"column":4},"end":{"line":32,"column":5}},"9":{"start":{"line":23,"column":6},"end":{"line":25,"column":7}},"10":{"start":{"line":24,"column":8},"end":{"line":24,"column":22}},"11":{"start":{"line":26,"column":6},"end":{"line":29,"column":9}},"12":{"start":{"line":31,"column":6},"end":{"line":31,"column":76}},"13":{"start":{"line":36,"column":4},"end":{"line":44,"column":5}},"14":{"start":{"line":37,"column":20},"end":{"line":37,"column":70}},"15":{"start":{"line":38,"column":6},"end":{"line":38,"column":24}},"16":{"start":{"line":39,"column":6},"end":{"line":39,"column":13}},"17":{"start":{"line":41,"column":6},"end":{"line":43,"column":61}},"18":{"start":{"line":48,"column":18},"end":{"line":50,"column":6}},"19":{"start":{"line":51,"column":4},"end":{"line":51,"column":17}}},"fnMap":{"0":{"name":"(anonymous_0)","decl":{"start":{"line":4,"column":2},"end":{"line":4,"column":3}},"loc":{"start":{"line":4,"column":44},"end":{"line":20,"column":3}},"line":4},"1":{"name":"(anonymous_1)","decl":{"start":{"line":21,"column":2},"end":{"line":21,"column":3}},"loc":{"start":{"line":21,"column":49},"end":{"line":33,"column":3}},"line":21},"2":{"name":"(anonymous_2)","decl":{"start":{"line":35,"column":2},"end":{"line":35,"column":3}},"loc":{"start":{"line":35,"column":44},"end":{"line":45,"column":3}},"line":35},"3":{"name":"(anonymous_3)","decl":{"start":{"line":47,"column":2},"end":{"line":47,"column":3}},"loc":{"start":{"line":47,"column":35},"end":{"line":52,"column":3}},"line":47}},"branchMap":{"0":{"loc":{"start":{"line":6,"column":20},"end":{"line":6,"column":75}},"type":"binary-expr","locations":[{"start":{"line":6,"column":20},"end":{"line":6,"column":60}},{"start":{"line":6,"column":64},"end":{"line":6,"column":75}}],"line":6},"1":{"loc":{"start":{"line":8,"column":6},"end":{"line":11,"column":7}},"type":"if","locations":[{"start":{"line":8,"column":6},"end":{"line":11,"column":7}},{"start":{},"end":{}}],"line":8},"2":{"loc":{"start":{"line":8,"column":10},"end":{"line":8,"column":54}},"type":"binary-expr","locations":[{"start":{"line":8,"column":10},"end":{"line":8,"column":18}},{"start":{"line":8,"column":22},"end":{"line":8,"column":54}}],"line":8},"3":{"loc":{"start":{"line":23,"column":6},"end":{"line":25,"column":7}},"type":"if","locations":[{"start":{"line":23,"column":6},"end":{"line":25,"column":7}},{"start":{},"end":{}}],"line":23}},"s":{"0":2,"1":2,"2":2,"3":1,"4":1,"5":1,"6":0,"7":1,"8":0,"9":0,"10":0,"11":0,"12":0,"13":0,"14":0,"15":0,"16":0,"17":0,"18":0,"19":0},"f":{"0":2,"1":0,"2":0,"3":0},"b":{"0":[2,1],"1":[1,0],"2":[1,1],"3":[0,0]},"inputSourceMap":null,"_coverageSchema":"1a1c01bbd47fc00a2c39e90264f33305004495a9","hash":"8c6b1a581b52486d13f0984d215de9fd7cee4505"}
,"C:\\Users\\mahdi\\Desktop\\small\\back-end\\src\\routes\\router.js": {"path":"C:\\Users\\mahdi\\Desktop\\small\\back-end\\src\\routes\\router.js","statementMap":{"0":{"start":{"line":5,"column":14},"end":{"line":5,"column":30}},"1":{"start":{"line":7,"column":0},"end":{"line":12,"column":2}},"2":{"start":{"line":13,"column":0},"end":{"line":17,"column":2}},"3":{"start":{"line":18,"column":0},"end":{"line":18,"column":79}},"4":{"start":{"line":19,"column":0},"end":{"line":19,"column":59}},"5":{"start":{"line":20,"column":0},"end":{"line":20,"column":41}},"6":{"start":{"line":21,"column":0},"end":{"line":25,"column":2}},"7":{"start":{"line":26,"column":0},"end":{"line":26,"column":76}}},"fnMap":{},"branchMap":{},"s":{"0":2,"1":2,"2":2,"3":2,"4":2,"5":2,"6":2,"7":2},"f":{},"b":{},"inputSourceMap":null,"_coverageSchema":"1a1c01bbd47fc00a2c39e90264f33305004495a9","hash":"8a7f41bc1b496646c74eed6d2ee2a8591d6caa7d"}
}
