TN:
SF:src\app.js
FN:23,(anonymous_0)
FNF:1
FNH:0
FNDA:0,(anonymous_0)
DA:8,2
DA:9,2
DA:10,2
DA:11,2
DA:13,2
DA:14,2
DA:15,2
DA:17,2
DA:19,2
DA:20,2
DA:24,0
LF:11
LH:10
BRF:0
BRH:0
end_of_record
TN:
SF:src\clientDb\client.js
FN:16,(anonymous_0)
FN:21,(anonymous_1)
FNF:2
FNH:1
FNDA:2,(anonymous_0)
FNDA:0,(anonymous_1)
DA:2,2
DA:6,2
DA:14,2
DA:17,2
DA:19,2
DA:22,0
DA:27,0
DA:30,2
LF:8
LH:6
BRF:0
BRH:0
end_of_record
TN:
SF:src\controllers\UserController.js
FN:5,(anonymous_0)
FN:13,(anonymous_1)
FN:23,(anonymous_2)
FN:37,(anonymous_3)
FN:50,(anonymous_4)
FN:64,(anonymous_5)
FN:80,(anonymous_6)
FNF:7
FNH:4
FNDA:3,(anonymous_0)
FNDA:1,(anonymous_1)
FNDA:2,(anonymous_2)
FNDA:0,(anonymous_3)
FNDA:2,(anonymous_4)
FNDA:0,(anonymous_5)
FNDA:0,(anonymous_6)
DA:6,3
DA:7,3
DA:8,3
DA:10,0
DA:14,1
DA:15,1
DA:16,1
DA:17,1
DA:18,1
DA:20,0
DA:24,2
DA:25,2
DA:26,2
DA:27,2
DA:28,0
DA:29,0
DA:31,2
DA:34,0
DA:38,0
DA:39,0
DA:40,0
DA:41,0
DA:42,0
DA:44,0
DA:47,0
DA:51,2
DA:52,2
DA:53,2
DA:59,2
DA:61,0
DA:65,0
DA:66,0
DA:67,0
DA:68,0
DA:69,0
DA:70,0
DA:71,0
DA:73,0
DA:77,0
DA:81,0
DA:82,0
DA:83,0
DA:84,0
DA:85,0
DA:86,0
DA:87,0
DA:89,0
DA:93,0
LF:48
LH:17
BRDA:27,0,0,0
BRDA:27,0,1,2
BRDA:40,1,0,0
BRDA:40,1,1,0
BRDA:69,2,0,0
BRDA:69,2,1,0
BRDA:85,3,0,0
BRDA:85,3,1,0
BRF:8
BRH:1
end_of_record
TN:
SF:src\mangers\UserManager.js
FN:5,(anonymous_0)
FN:9,(anonymous_1)
FN:13,(anonymous_2)
FN:22,(anonymous_3)
FN:33,(anonymous_4)
FN:51,(anonymous_5)
FN:63,(anonymous_6)
FN:74,(anonymous_7)
FNF:8
FNH:7
FNDA:2,(anonymous_0)
FNDA:3,(anonymous_1)
FNDA:5,(anonymous_2)
FNDA:2,(anonymous_3)
FNDA:3,(anonymous_4)
FNDA:2,(anonymous_5)
FNDA:1,(anonymous_6)
FNDA:0,(anonymous_7)
DA:6,2
DA:7,2
DA:10,3
DA:11,3
DA:14,5
DA:15,5
DA:16,5
DA:18,0
DA:19,0
DA:23,2
DA:24,2
DA:27,2
DA:29,0
DA:30,0
DA:34,3
DA:35,3
DA:38,3
DA:39,3
DA:40,3
DA:41,0
DA:42,0
DA:45,3
DA:47,0
DA:48,0
DA:52,2
DA:53,2
DA:54,2
DA:58,2
DA:60,0
DA:64,1
DA:65,1
DA:68,1
DA:70,0
DA:71,0
DA:75,0
DA:76,0
DA:77,0
DA:78,0
DA:79,0
DA:80,0
DA:81,0
DA:82,0
DA:83,0
DA:84,0
DA:85,0
DA:88,0
DA:89,0
DA:90,0
DA:91,0
LF:49
LH:23
BRDA:38,0,0,3
BRDA:38,0,1,0
BRDA:40,1,0,0
BRDA:40,1,1,3
BRDA:79,2,0,0
BRDA:79,2,1,0
BRDA:81,3,0,0
BRDA:81,3,1,0
BRDA:83,4,0,0
BRDA:83,4,1,0
BRDA:84,5,0,0
BRDA:84,5,1,0
BRF:12
BRH:2
end_of_record
TN:
SF:src\middlewares\Authentification.js
FN:4,(anonymous_0)
FN:21,(anonymous_1)
FN:35,(anonymous_2)
FN:47,(anonymous_3)
FNF:4
FNH:1
FNDA:2,(anonymous_0)
FNDA:0,(anonymous_1)
FNDA:0,(anonymous_2)
FNDA:0,(anonymous_3)
DA:5,2
DA:6,2
DA:7,2
DA:8,1
DA:9,1
DA:10,1
DA:12,0
DA:16,1
DA:22,0
DA:23,0
DA:24,0
DA:26,0
DA:31,0
DA:36,0
DA:37,0
DA:38,0
DA:39,0
DA:41,0
DA:48,0
DA:51,0
LF:20
LH:7
BRDA:6,0,0,2
BRDA:6,0,1,1
BRDA:8,1,0,1
BRDA:8,1,1,0
BRDA:8,2,0,1
BRDA:8,2,1,1
BRDA:23,3,0,0
BRDA:23,3,1,0
BRF:8
BRH:5
end_of_record
TN:
SF:src\routes\router.js
FNF:0
FNH:0
DA:5,2
DA:7,2
DA:13,2
DA:18,2
DA:19,2
DA:20,2
DA:21,2
DA:26,2
LF:8
LH:8
BRF:0
BRH:0
end_of_record
